This file contains any messages produced by compilers while
running configure, to aid debugging if configure makes a mistake.

It was created by configure, which was
generated by GNU Autoconf 2.69.  Invocation command line was

  $ ./configure 

## --------- ##
## Platform. ##
## --------- ##

hostname = ceslab-PC
uname -m = i686
uname -r = 3.5.0-17-generic
uname -s = Linux
uname -v = #28-Ubuntu SMP Tue Oct 9 19:32:08 UTC 2012

/usr/bin/uname -p = unknown
/bin/uname -X     = unknown

/bin/arch              = unknown
/usr/bin/arch -k       = unknown
/usr/convex/getsysinfo = unknown
/usr/bin/hostinfo      = unknown
/bin/machine           = unknown
/usr/bin/oslevel       = unknown
/bin/universe          = unknown

PATH: /usr/local/sbin
PATH: /usr/local/bin
PATH: /usr/sbin
PATH: /usr/bin
PATH: /sbin
PATH: /bin
PATH: /usr/games
PATH: /usr/local/games


## ----------- ##
## Core tests. ##
## ----------- ##

configure:2481: checking build system type
configure:2495: result: i686-pc-linux-gnu
configure:2515: checking host system type
configure:2528: result: i686-pc-linux-gnu
configure:2661: checking for gcc
configure:2677: found /usr/bin/gcc
configure:2688: result: gcc
configure:2917: checking for C compiler version
configure:2926: gcc --version >&5
gcc (Ubuntu/Linaro 4.7.2-2ubuntu1) 4.7.2
Copyright (C) 2012 Free Software Foundation, Inc.
This is free software; see the source for copying conditions.  There is NO
warranty; not even for MERCHANTABILITY or FITNESS FOR A PARTICULAR PURPOSE.

configure:2937: $? = 0
configure:2926: gcc -v >&5
Using built-in specs.
COLLECT_GCC=gcc
COLLECT_LTO_WRAPPER=/usr/lib/gcc/i686-linux-gnu/4.7/lto-wrapper
Target: i686-linux-gnu
Configured with: ../src/configure -v --with-pkgversion='Ubuntu/Linaro 4.7.2-2ubuntu1' --with-bugurl=file:///usr/share/doc/gcc-4.7/README.Bugs --enable-languages=c,c++,go,fortran,objc,obj-c++ --prefix=/usr --program-suffix=-4.7 --enable-shared --enable-linker-build-id --with-system-zlib --libexecdir=/usr/lib --without-included-gettext --enable-threads=posix --with-gxx-include-dir=/usr/include/c++/4.7 --libdir=/usr/lib --enable-nls --with-sysroot=/ --enable-clocale=gnu --enable-libstdcxx-debug --enable-libstdcxx-time=yes --enable-gnu-unique-object --enable-plugin --enable-objc-gc --enable-targets=all --disable-werror --with-arch-32=i686 --with-tune=generic --enable-checking=release --build=i686-linux-gnu --host=i686-linux-gnu --target=i686-linux-gnu
Thread model: posix
gcc version 4.7.2 (Ubuntu/Linaro 4.7.2-2ubuntu1) 
configure:2937: $? = 0
configure:2926: gcc -V >&5
gcc: error: unrecognized command line option '-V'
gcc: fatal error: no input files
compilation terminated.
configure:2937: $? = 4
configure:2926: gcc -qversion >&5
gcc: error: unrecognized command line option '-qversion'
gcc: fatal error: no input files
compilation terminated.
configure:2937: $? = 4
configure:2957: checking whether the C compiler works
configure:2979: gcc     conftest.c  >&5
configure:2983: $? = 0
configure:3031: result: yes
configure:3034: checking for C compiler default output file name
configure:3036: result: a.out
configure:3042: checking for suffix of executables
configure:3049: gcc -o conftest     conftest.c  >&5
configure:3053: $? = 0
configure:3075: result: 
configure:3097: checking whether we are cross compiling
configure:3105: gcc -o conftest     conftest.c  >&5
configure:3109: $? = 0
configure:3116: ./conftest
configure:3120: $? = 0
configure:3135: result: no
configure:3140: checking for suffix of object files
configure:3162: gcc -c    conftest.c >&5
configure:3166: $? = 0
configure:3187: result: o
configure:3191: checking whether we are using the GNU C compiler
configure:3210: gcc -c    conftest.c >&5
configure:3210: $? = 0
configure:3219: result: yes
configure:3228: checking whether gcc accepts -g
configure:3248: gcc -c -g  conftest.c >&5
configure:3248: $? = 0
configure:3289: result: yes
configure:3306: checking for gcc option to accept ISO C89
configure:3369: gcc  -c    conftest.c >&5
configure:3369: $? = 0
configure:3382: result: none needed
configure:3407: checking how to run the C preprocessor
configure:3438: gcc -E  conftest.c
configure:3438: $? = 0
configure:3452: gcc -E  conftest.c
conftest.c:14:28: fatal error: ac_nonexistent.h: No such file or directory
compilation terminated.
configure:3452: $? = 1
configure: failed program was:
| /* confdefs.h */
| #define PACKAGE_NAME ""
| #define PACKAGE_TARNAME ""
| #define PACKAGE_VERSION ""
| #define PACKAGE_STRING ""
| #define PACKAGE_BUGREPORT ""
| #define PACKAGE_URL ""
| #define VERSION_MAJOR 3
| #define VERSION_MINOR 0
| #define VERSION_POINT 19
| #define VERSION "3.0.19"
| #define CODE_STATUS "stable"
| /* end confdefs.h.  */
| #include <ac_nonexistent.h>
configure:3477: result: gcc -E
configure:3497: gcc -E  conftest.c
configure:3497: $? = 0
configure:3511: gcc -E  conftest.c
conftest.c:14:28: fatal error: ac_nonexistent.h: No such file or directory
compilation terminated.
configure:3511: $? = 1
configure: failed program was:
| /* confdefs.h */
| #define PACKAGE_NAME ""
| #define PACKAGE_TARNAME ""
| #define PACKAGE_VERSION ""
| #define PACKAGE_STRING ""
| #define PACKAGE_BUGREPORT ""
| #define PACKAGE_URL ""
| #define VERSION_MAJOR 3
| #define VERSION_MINOR 0
| #define VERSION_POINT 19
| #define VERSION "3.0.19"
| #define CODE_STATUS "stable"
| /* end confdefs.h.  */
| #include <ac_nonexistent.h>
configure:3553: checking for a BSD-compatible install
configure:3621: result: /usr/bin/install -c
configure:3632: checking whether ln -s works
configure:3636: result: yes
configure:3643: checking whether make sets $(MAKE)
configure:3665: result: yes
configure:3678: checking for gawk
configure:3694: found /usr/bin/gawk
configure:3705: result: gawk
configure:3719: checking for gdb
configure:3735: found /usr/bin/gdb
configure:3747: result: yes
configure:3757: checking for groups
configure:3776: found /usr/bin/groups
configure:3789: result: /usr/bin/groups
configure:3799: checking for id
configure:3818: found /usr/bin/id
configure:3831: result: /usr/bin/id
configure:3886: checking for user
configure:3914: result: none specified
configure:3924: checking for group
configure:3958: result: none specified
configure:4045: checking for w3m
configure:4075: result: no
configure:4045: checking for lynx
configure:4075: result: no
configure:4045: checking for links
configure:4075: result: no
configure:4085: WARNING: You need some kind of text browser to build documentation \(w3m, lynx and links are supported\)
configure:4094: checking for db2html
configure:4124: result: no
configure:4094: checking for docbook2html
configure:4124: result: no
configure:4142: checking for rpm
configure:4172: result: no
configure:4193: checking for jade
configure:4209: found /usr/bin/jade
configure:4220: result: jade
configure:4238: checking for man2html
configure:4268: result: no
configure:4293: checking for /usr/share/sgml/docbook/dsssl-stylesheets
configure:4293: checking for /usr/share/sgml/docbkdsl
configure:4293: checking for /usr/share/sgml/docbook-dsssl
configure:4293: checking for /usr/local/share/sgml/docbook/dsssl/modular
configure:4293: checking for /usr/share/sgml/docbook/stylesheet/dsssl/modular/
configure:4311: checking for /usr/share/sgml/CATALOG.docbk30
configure:4311: checking for /usr/share/sgml/CATALOG.docbk31
configure:4311: checking for /usr/share/sgml/CATALOG.docbk31
configure:4311: checking for /usr/local/share/sgml/docbook/3.0/docbook.cat
configure:4311: checking for /usr/local/share/sgml/docbook/3.1/docbook.cat
configure:4311: checking for /usr/share/sgml/docbook/dtd/3.1/docbook.cat
configure:4345: checking for grep that handles long lines and -e
configure:4403: result: /bin/grep
configure:4408: checking for egrep
configure:4470: result: /bin/grep -E
configure:4475: checking for ANSI C header files
configure:4495: gcc -c -pipe -O2   conftest.c 1>&5
configure:4495: $? = 0
configure:4568: gcc -o conftest -pipe -O2    conftest.c  1>&5
configure:4568: $? = 0
configure:4568: ./conftest
configure:4568: $? = 0
configure:4579: result: yes
configure:4592: checking for sys/types.h
configure:4592: gcc -c -pipe -O2   conftest.c 1>&5
configure:4592: $? = 0
configure:4592: result: yes
configure:4592: checking for sys/stat.h
configure:4592: gcc -c -pipe -O2   conftest.c 1>&5
configure:4592: $? = 0
configure:4592: result: yes
configure:4592: checking for stdlib.h
configure:4592: gcc -c -pipe -O2   conftest.c 1>&5
configure:4592: $? = 0
configure:4592: result: yes
configure:4592: checking for string.h
configure:4592: gcc -c -pipe -O2   conftest.c 1>&5
configure:4592: $? = 0
configure:4592: result: yes
configure:4592: checking for memory.h
configure:4592: gcc -c -pipe -O2   conftest.c 1>&5
configure:4592: $? = 0
configure:4592: result: yes
configure:4592: checking for strings.h
configure:4592: gcc -c -pipe -O2   conftest.c 1>&5
configure:4592: $? = 0
configure:4592: result: yes
configure:4592: checking for inttypes.h
configure:4592: gcc -c -pipe -O2   conftest.c 1>&5
configure:4592: $? = 0
configure:4592: result: yes
configure:4592: checking for stdint.h
configure:4592: gcc -c -pipe -O2   conftest.c 1>&5
configure:4592: $? = 0
configure:4592: result: yes
configure:4592: checking for unistd.h
configure:4592: gcc -c -pipe -O2   conftest.c 1>&5
configure:4592: $? = 0
configure:4592: result: yes
configure:4604: checking pthread.h usability
configure:4604: gcc -c -pipe -O2   conftest.c 1>&5
configure:4604: $? = 0
configure:4604: result: yes
configure:4604: checking pthread.h presence
configure:4604: gcc -E   conftest.c
configure:4604: $? = 0
configure:4604: result: yes
configure:4604: checking for pthread.h
configure:4604: result: yes
configure:4649: gcc -o conftest -pipe -O2  -pthread   conftest.c  1>&5
configure:4649: $? = 0
configure:4670: checking for gethostbyname in -lnsl
configure:4695: gcc -o conftest -pipe -O2    conftest.c -lnsl   1>&5
configure:4695: $? = 0
configure:4704: result: yes
configure:4716: checking for gethostbyaddr_r
configure:4716: gcc -o conftest -pipe -O2    conftest.c -lnsl  1>&5
configure:4716: $? = 0
configure:4716: result: yes
configure:4719: checking signature of gethostbyaddr_r
configure:4739: gcc -c -pipe -O2   conftest.c 1>&5
configure:4739: $? = 0
configure:4743: result: 8 args
configure:4823: checking for gethostbyname_r
configure:4823: gcc -o conftest -pipe -O2    conftest.c -lnsl  1>&5
configure:4823: $? = 0
configure:4823: result: yes
configure:4826: checking signature of gethostbyname_r
configure:4846: gcc -c -pipe -O2   conftest.c 1>&5
configure:4846: $? = 0
configure:4850: result: 6 args
configure:4929: checking for gmtime_r
configure:4929: gcc -o conftest -pipe -O2    conftest.c -lnsl  1>&5
configure:4929: $? = 0
configure:4929: result: yes
configure:4932: checking signature of gmtime_r
configure:4951: gcc -c -pipe -O2   conftest.c 1>&5
conftest.c: In function 'main':
conftest.c:37:5: warning: passing argument 1 of 'gmtime_r' from incompatible pointer type [enabled by default]
In file included from conftest.c:29:0:
/usr/include/time.h:243:19: note: expected 'const time_t * __restrict__' but argument is of type 'struct time *'
configure:4951: $? = 0
configure:4953: result: ok
configure:4974: checking for localtime_r
configure:4974: gcc -o conftest -pipe -O2    conftest.c -lnsl  1>&5
configure:4974: $? = 0
configure:4974: result: yes
configure:4977: checking signature of localtime_r
configure:4996: gcc -c -pipe -O2   conftest.c 1>&5
conftest.c: In function 'main':
conftest.c:38:5: warning: passing argument 1 of 'localtime_r' from incompatible pointer type [enabled by default]
In file included from conftest.c:30:0:
/usr/include/time.h:248:19: note: expected 'const time_t * __restrict__' but argument is of type 'struct time *'
configure:4996: $? = 0
configure:4998: result: ok
configure:5042: checking for socklen_t
configure:5051: result: yes
configure:5097: checking for ANSI C header files
configure:5201: result: yes
configure:5212: checking for dirent.h that defines DIR
configure:5231: gcc -c -pipe -O2   conftest.c 1>&5
configure:5231: $? = 0
configure:5239: result: yes
configure:5252: checking for library containing opendir
configure:5283: gcc -o conftest -pipe -O2    conftest.c -lnsl  1>&5
configure:5283: $? = 0
configure:5300: result: none required
configure:5367: checking for an ANSI C-conforming const
configure:5433: gcc -c -pipe -O2   conftest.c 1>&5
configure:5433: $? = 0
configure:5440: result: yes
configure:5448: checking for size_t
configure:5448: gcc -c -pipe -O2   conftest.c 1>&5
configure:5448: $? = 0
configure:5448: gcc -c -pipe -O2   conftest.c 1>&5
conftest.c: In function 'main':
conftest.c:68:21: error: expected expression before ')' token
configure:5448: $? = 1
configure: failed program was:
| /* confdefs.h */
| #define PACKAGE_NAME ""
| #define PACKAGE_TARNAME ""
| #define PACKAGE_VERSION ""
| #define PACKAGE_STRING ""
| #define PACKAGE_BUGREPORT ""
| #define PACKAGE_URL ""
| #define VERSION_MAJOR 3
| #define VERSION_MINOR 0
| #define VERSION_POINT 19
| #define VERSION "3.0.19"
| #define CODE_STATUS "stable"
| #define STDC_HEADERS 1
| #define HAVE_SYS_TYPES_H 1
| #define HAVE_SYS_STAT_H 1
| #define HAVE_STDLIB_H 1
| #define HAVE_STRING_H 1
| #define HAVE_MEMORY_H 1
| #define HAVE_STRINGS_H 1
| #define HAVE_INTTYPES_H 1
| #define HAVE_STDINT_H 1
| #define HAVE_UNISTD_H 1
| #define FEATURE_PTHREAD 1
| #define HAVE_LIBNSL 1
| #define HAVE_GETHOSTBYADDR_R_8_ARGS 1
| #define HAVE_GETHOSTBYNAME_R_6_ARGS 1
| #define HAVE_GMTIME_R 1
| #define HAVE_LOCALTIME_R 1
| #define STDC_HEADERS 1
| #define HAVE_DIRENT_H 1
| /* end confdefs.h.  */
| #include <stdio.h>
| #ifdef HAVE_SYS_TYPES_H
| # include <sys/types.h>
| #endif
| #ifdef HAVE_SYS_STAT_H
| # include <sys/stat.h>
| #endif
| #ifdef STDC_HEADERS
| # include <stdlib.h>
| # include <stddef.h>
| #else
| # ifdef HAVE_STDLIB_H
| #  include <stdlib.h>
| # endif
| #endif
| #ifdef HAVE_STRING_H
| # if !defined STDC_HEADERS && defined HAVE_MEMORY_H
| #  include <memory.h>
| # endif
| # include <string.h>
| #endif
| #ifdef HAVE_STRINGS_H
| # include <strings.h>
| #endif
| #ifdef HAVE_INTTYPES_H
| # include <inttypes.h>
| #endif
| #ifdef HAVE_STDINT_H
| # include <stdint.h>
| #endif
| #ifdef HAVE_UNISTD_H
| # include <unistd.h>
| #endif
| int
| main ()
| {
| if (sizeof ((size_t)))
| 	    return 0;
|   ;
|   return 0;
| }
configure:5448: result: yes
configure:5459: checking for pid_t
configure:5459: gcc -c -pipe -O2   conftest.c 1>&5
configure:5459: $? = 0
configure:5459: gcc -c -pipe -O2   conftest.c 1>&5
conftest.c: In function 'main':
conftest.c:68:20: error: expected expression before ')' token
configure:5459: $? = 1
configure: failed program was:
| /* confdefs.h */
| #define PACKAGE_NAME ""
| #define PACKAGE_TARNAME ""
| #define PACKAGE_VERSION ""
| #define PACKAGE_STRING ""
| #define PACKAGE_BUGREPORT ""
| #define PACKAGE_URL ""
| #define VERSION_MAJOR 3
| #define VERSION_MINOR 0
| #define VERSION_POINT 19
| #define VERSION "3.0.19"
| #define CODE_STATUS "stable"
| #define STDC_HEADERS 1
| #define HAVE_SYS_TYPES_H 1
| #define HAVE_SYS_STAT_H 1
| #define HAVE_STDLIB_H 1
| #define HAVE_STRING_H 1
| #define HAVE_MEMORY_H 1
| #define HAVE_STRINGS_H 1
| #define HAVE_INTTYPES_H 1
| #define HAVE_STDINT_H 1
| #define HAVE_UNISTD_H 1
| #define FEATURE_PTHREAD 1
| #define HAVE_LIBNSL 1
| #define HAVE_GETHOSTBYADDR_R_8_ARGS 1
| #define HAVE_GETHOSTBYNAME_R_6_ARGS 1
| #define HAVE_GMTIME_R 1
| #define HAVE_LOCALTIME_R 1
| #define STDC_HEADERS 1
| #define HAVE_DIRENT_H 1
| /* end confdefs.h.  */
| #include <stdio.h>
| #ifdef HAVE_SYS_TYPES_H
| # include <sys/types.h>
| #endif
| #ifdef HAVE_SYS_STAT_H
| # include <sys/stat.h>
| #endif
| #ifdef STDC_HEADERS
| # include <stdlib.h>
| # include <stddef.h>
| #else
| # ifdef HAVE_STDLIB_H
| #  include <stdlib.h>
| # endif
| #endif
| #ifdef HAVE_STRING_H
| # if !defined STDC_HEADERS && defined HAVE_MEMORY_H
| #  include <memory.h>
| # endif
| # include <string.h>
| #endif
| #ifdef HAVE_STRINGS_H
| # include <strings.h>
| #endif
| #ifdef HAVE_INTTYPES_H
| # include <inttypes.h>
| #endif
| #ifdef HAVE_STDINT_H
| # include <stdint.h>
| #endif
| #ifdef HAVE_UNISTD_H
| # include <unistd.h>
| #endif
| int
| main ()
| {
| if (sizeof ((pid_t)))
| 	    return 0;
|   ;
|   return 0;
| }
configure:5459: result: yes
configure:5470: checking whether time.h and sys/time.h may both be included
configure:5490: gcc -c -pipe -O2   conftest.c 1>&5
configure:5490: $? = 0
configure:5497: result: yes
configure:5505: checking whether struct tm is in sys/time.h or time.h
configure:5525: gcc -c -pipe -O2   conftest.c 1>&5
configure:5525: $? = 0
configure:5532: result: time.h
configure:5544: checking size of int
configure:5549: gcc -o conftest -pipe -O2    conftest.c -lnsl  1>&5
configure:5549: $? = 0
configure:5549: ./conftest
configure:5549: $? = 0
configure:5563: result: 4
configure:5577: checking size of char *
configure:5582: gcc -o conftest -pipe -O2    conftest.c -lnsl  1>&5
configure:5582: $? = 0
configure:5582: ./conftest
configure:5582: $? = 0
configure:5596: result: 4
configure:5610: checking size of long
configure:5615: gcc -o conftest -pipe -O2    conftest.c -lnsl  1>&5
configure:5615: $? = 0
configure:5615: ./conftest
configure:5615: $? = 0
configure:5629: result: 4
configure:5643: checking size of long long
configure:5648: gcc -o conftest -pipe -O2    conftest.c -lnsl  1>&5
configure:5648: $? = 0
configure:5648: ./conftest
configure:5648: $? = 0
configure:5662: result: 8
configure:5676: checking size of size_t
configure:5681: gcc -o conftest -pipe -O2    conftest.c -lnsl  1>&5
configure:5681: $? = 0
configure:5681: ./conftest
configure:5681: $? = 0
configure:5695: result: 4
configure:5709: checking OS.h usability
configure:5709: gcc -c -pipe -O2   conftest.c 1>&5
conftest.c:71:16: fatal error: OS.h: No such file or directory
compilation terminated.
configure:5709: $? = 1
configure: failed program was:
| /* confdefs.h */
| #define PACKAGE_NAME ""
| #define PACKAGE_TARNAME ""
| #define PACKAGE_VERSION ""
| #define PACKAGE_STRING ""
| #define PACKAGE_BUGREPORT ""
| #define PACKAGE_URL ""
| #define VERSION_MAJOR 3
| #define VERSION_MINOR 0
| #define VERSION_POINT 19
| #define VERSION "3.0.19"
| #define CODE_STATUS "stable"
| #define STDC_HEADERS 1
| #define HAVE_SYS_TYPES_H 1
| #define HAVE_SYS_STAT_H 1
| #define HAVE_STDLIB_H 1
| #define HAVE_STRING_H 1
| #define HAVE_MEMORY_H 1
| #define HAVE_STRINGS_H 1
| #define HAVE_INTTYPES_H 1
| #define HAVE_STDINT_H 1
| #define HAVE_UNISTD_H 1
| #define FEATURE_PTHREAD 1
| #define HAVE_LIBNSL 1
| #define HAVE_GETHOSTBYADDR_R_8_ARGS 1
| #define HAVE_GETHOSTBYNAME_R_6_ARGS 1
| #define HAVE_GMTIME_R 1
| #define HAVE_LOCALTIME_R 1
| #define STDC_HEADERS 1
| #define HAVE_DIRENT_H 1
| #define TIME_WITH_SYS_TIME 1
| #define SIZEOF_INT 4
| #define SIZEOF_CHAR_P 4
| #define SIZEOF_LONG 4
| #define SIZEOF_LONG_LONG 8
| #define SIZEOF_SIZE_T 4
| /* end confdefs.h.  */
| #include <stdio.h>
| #ifdef HAVE_SYS_TYPES_H
| # include <sys/types.h>
| #endif
| #ifdef HAVE_SYS_STAT_H
| # include <sys/stat.h>
| #endif
| #ifdef STDC_HEADERS
| # include <stdlib.h>
| # include <stddef.h>
| #else
| # ifdef HAVE_STDLIB_H
| #  include <stdlib.h>
| # endif
| #endif
| #ifdef HAVE_STRING_H
| # if !defined STDC_HEADERS && defined HAVE_MEMORY_H
| #  include <memory.h>
| # endif
| # include <string.h>
| #endif
| #ifdef HAVE_STRINGS_H
| # include <strings.h>
| #endif
| #ifdef HAVE_INTTYPES_H
| # include <inttypes.h>
| #endif
| #ifdef HAVE_STDINT_H
| # include <stdint.h>
| #endif
| #ifdef HAVE_UNISTD_H
| # include <unistd.h>
| #endif
| #include <OS.h>
configure:5709: result: no
configure:5709: checking OS.h presence
configure:5709: gcc -E  -pthread conftest.c
conftest.c:38:16: fatal error: OS.h: No such file or directory
compilation terminated.
configure:5709: $? = 1
configure: failed program was:
| /* confdefs.h */
| #define PACKAGE_NAME ""
| #define PACKAGE_TARNAME ""
| #define PACKAGE_VERSION ""
| #define PACKAGE_STRING ""
| #define PACKAGE_BUGREPORT ""
| #define PACKAGE_URL ""
| #define VERSION_MAJOR 3
| #define VERSION_MINOR 0
| #define VERSION_POINT 19
| #define VERSION "3.0.19"
| #define CODE_STATUS "stable"
| #define STDC_HEADERS 1
| #define HAVE_SYS_TYPES_H 1
| #define HAVE_SYS_STAT_H 1
| #define HAVE_STDLIB_H 1
| #define HAVE_STRING_H 1
| #define HAVE_MEMORY_H 1
| #define HAVE_STRINGS_H 1
| #define HAVE_INTTYPES_H 1
| #define HAVE_STDINT_H 1
| #define HAVE_UNISTD_H 1
| #define FEATURE_PTHREAD 1
| #define HAVE_LIBNSL 1
| #define HAVE_GETHOSTBYADDR_R_8_ARGS 1
| #define HAVE_GETHOSTBYNAME_R_6_ARGS 1
| #define HAVE_GMTIME_R 1
| #define HAVE_LOCALTIME_R 1
| #define STDC_HEADERS 1
| #define HAVE_DIRENT_H 1
| #define TIME_WITH_SYS_TIME 1
| #define SIZEOF_INT 4
| #define SIZEOF_CHAR_P 4
| #define SIZEOF_LONG 4
| #define SIZEOF_LONG_LONG 8
| #define SIZEOF_SIZE_T 4
| /* end confdefs.h.  */
| #include <OS.h>
configure:5709: result: no
configure:5709: checking for OS.h
configure:5709: result: no
configure:5709: checking arpa/inet.h usability
configure:5709: gcc -c -pipe -O2   conftest.c 1>&5
configure:5709: $? = 0
configure:5709: result: yes
configure:5709: checking arpa/inet.h presence
configure:5709: gcc -E  -pthread conftest.c
configure:5709: $? = 0
configure:5709: result: yes
configure:5709: checking for arpa/inet.h
configure:5709: result: yes
configure:5709: checking errno.h usability
configure:5709: gcc -c -pipe -O2   conftest.c 1>&5
configure:5709: $? = 0
configure:5709: result: yes
configure:5709: checking errno.h presence
configure:5709: gcc -E  -pthread conftest.c
configure:5709: $? = 0
configure:5709: result: yes
configure:5709: checking for errno.h
configure:5709: result: yes
configure:5709: checking fcntl.h usability
configure:5709: gcc -c -pipe -O2   conftest.c 1>&5
configure:5709: $? = 0
configure:5709: result: yes
configure:5709: checking fcntl.h presence
configure:5709: gcc -E  -pthread conftest.c
configure:5709: $? = 0
configure:5709: result: yes
configure:5709: checking for fcntl.h
configure:5709: result: yes
configure:5709: checking limits.h usability
configure:5709: gcc -c -pipe -O2   conftest.c 1>&5
configure:5709: $? = 0
configure:5709: result: yes
configure:5709: checking limits.h presence
configure:5709: gcc -E  -pthread conftest.c
configure:5709: $? = 0
configure:5709: result: yes
configure:5709: checking for limits.h
configure:5709: result: yes
configure:5709: checking locale.h usability
configure:5709: gcc -c -pipe -O2   conftest.c 1>&5
configure:5709: $? = 0
configure:5709: result: yes
configure:5709: checking locale.h presence
configure:5709: gcc -E  -pthread conftest.c
configure:5709: $? = 0
configure:5709: result: yes
configure:5709: checking for locale.h
configure:5709: result: yes
configure:5709: checking netdb.h usability
configure:5709: gcc -c -pipe -O2   conftest.c 1>&5
configure:5709: $? = 0
configure:5709: result: yes
configure:5709: checking netdb.h presence
configure:5709: gcc -E  -pthread conftest.c
configure:5709: $? = 0
configure:5709: result: yes
configure:5709: checking for netdb.h
configure:5709: result: yes
configure:5709: checking netinet/in.h usability
configure:5709: gcc -c -pipe -O2   conftest.c 1>&5
configure:5709: $? = 0
configure:5709: result: yes
configure:5709: checking netinet/in.h presence
configure:5709: gcc -E  -pthread conftest.c
configure:5709: $? = 0
configure:5709: result: yes
configure:5709: checking for netinet/in.h
configure:5709: result: yes
configure:5709: checking stddef.h usability
configure:5709: gcc -c -pipe -O2   conftest.c 1>&5
configure:5709: $? = 0
configure:5709: result: yes
configure:5709: checking stddef.h presence
configure:5709: gcc -E  -pthread conftest.c
configure:5709: $? = 0
configure:5709: result: yes
configure:5709: checking for stddef.h
configure:5709: result: yes
configure:5709: checking for stdlib.h
configure:5709: result: yes
configure:5709: checking for string.h
configure:5709: result: yes
configure:5709: checking sys/ioctl.h usability
configure:5709: gcc -c -pipe -O2   conftest.c 1>&5
configure:5709: $? = 0
configure:5709: result: yes
configure:5709: checking sys/ioctl.h presence
configure:5709: gcc -E  -pthread conftest.c
configure:5709: $? = 0
configure:5709: result: yes
configure:5709: checking for sys/ioctl.h
configure:5709: result: yes
configure:5709: checking sys/socket.h usability
configure:5709: gcc -c -pipe -O2   conftest.c 1>&5
configure:5709: $? = 0
configure:5709: result: yes
configure:5709: checking sys/socket.h presence
configure:5709: gcc -E  -pthread conftest.c
configure:5709: $? = 0
configure:5709: result: yes
configure:5709: checking for sys/socket.h
configure:5709: result: yes
configure:5709: checking sys/time.h usability
configure:5709: gcc -c -pipe -O2   conftest.c 1>&5
configure:5709: $? = 0
configure:5709: result: yes
configure:5709: checking sys/time.h presence
configure:5709: gcc -E  -pthread conftest.c
configure:5709: $? = 0
configure:5709: result: yes
configure:5709: checking for sys/time.h
configure:5709: result: yes
configure:5709: checking sys/timeb.h usability
configure:5709: gcc -c -pipe -O2   conftest.c 1>&5
configure:5709: $? = 0
configure:5709: result: yes
configure:5709: checking sys/timeb.h presence
configure:5709: gcc -E  -pthread conftest.c
configure:5709: $? = 0
configure:5709: result: yes
configure:5709: checking for sys/timeb.h
configure:5709: result: yes
configure:5709: checking sys/wait.h usability
configure:5709: gcc -c -pipe -O2   conftest.c 1>&5
configure:5709: $? = 0
configure:5709: result: yes
configure:5709: checking sys/wait.h presence
configure:5709: gcc -E  -pthread conftest.c
configure:5709: $? = 0
configure:5709: result: yes
configure:5709: checking for sys/wait.h
configure:5709: result: yes
configure:5709: checking for unistd.h
configure:5709: result: yes
configure:5722: checking for bcopy
configure:5722: gcc -o conftest -pipe -O2    conftest.c -lnsl  1>&5
conftest.c:77:6: warning: conflicting types for built-in function 'bcopy' [enabled by default]
configure:5722: $? = 0
configure:5722: result: yes
configure:5732: checking whether gcc needs -traditional
configure:5766: result: no
configure:5773: checking return type of signal handlers
configure:5791: gcc -c -pipe -O2   conftest.c 1>&5
conftest.c: In function 'main':
conftest.c:61:1: error: void value not ignored as it ought to be
configure:5791: $? = 1
configure: failed program was:
| /* confdefs.h */
| #define PACKAGE_NAME ""
| #define PACKAGE_TARNAME ""
| #define PACKAGE_VERSION ""
| #define PACKAGE_STRING ""
| #define PACKAGE_BUGREPORT ""
| #define PACKAGE_URL ""
| #define VERSION_MAJOR 3
| #define VERSION_MINOR 0
| #define VERSION_POINT 19
| #define VERSION "3.0.19"
| #define CODE_STATUS "stable"
| #define STDC_HEADERS 1
| #define HAVE_SYS_TYPES_H 1
| #define HAVE_SYS_STAT_H 1
| #define HAVE_STDLIB_H 1
| #define HAVE_STRING_H 1
| #define HAVE_MEMORY_H 1
| #define HAVE_STRINGS_H 1
| #define HAVE_INTTYPES_H 1
| #define HAVE_STDINT_H 1
| #define HAVE_UNISTD_H 1
| #define FEATURE_PTHREAD 1
| #define HAVE_LIBNSL 1
| #define HAVE_GETHOSTBYADDR_R_8_ARGS 1
| #define HAVE_GETHOSTBYNAME_R_6_ARGS 1
| #define HAVE_GMTIME_R 1
| #define HAVE_LOCALTIME_R 1
| #define STDC_HEADERS 1
| #define HAVE_DIRENT_H 1
| #define TIME_WITH_SYS_TIME 1
| #define SIZEOF_INT 4
| #define SIZEOF_CHAR_P 4
| #define SIZEOF_LONG 4
| #define SIZEOF_LONG_LONG 8
| #define SIZEOF_SIZE_T 4
| #define HAVE_ARPA_INET_H 1
| #define HAVE_ERRNO_H 1
| #define HAVE_FCNTL_H 1
| #define HAVE_LIMITS_H 1
| #define HAVE_LOCALE_H 1
| #define HAVE_NETDB_H 1
| #define HAVE_NETINET_IN_H 1
| #define HAVE_STDDEF_H 1
| #define HAVE_STDLIB_H 1
| #define HAVE_STRING_H 1
| #define HAVE_SYS_IOCTL_H 1
| #define HAVE_SYS_SOCKET_H 1
| #define HAVE_SYS_TIME_H 1
| #define HAVE_SYS_TIMEB_H 1
| #define HAVE_SYS_WAIT_H 1
| #define HAVE_UNISTD_H 1
| #define HAVE_BCOPY 1
| /* end confdefs.h.  */
| #include <sys/types.h>
| #include <signal.h>
| 
| int
| main ()
| {
| return *(signal (0, 0)) (0) == 1;
|   ;
|   return 0;
| }
configure:5798: result: void
configure:5809: checking for access
configure:5809: gcc -o conftest -pipe -O2    conftest.c -lnsl  1>&5
configure:5809: $? = 0
configure:5809: result: yes
configure:5809: checking for atexit
configure:5809: gcc -o conftest -pipe -O2    conftest.c -lnsl  1>&5
configure:5809: $? = 0
configure:5809: result: yes
configure:5809: checking for getcwd
configure:5809: gcc -o conftest -pipe -O2    conftest.c -lnsl  1>&5
configure:5809: $? = 0
configure:5809: result: yes
configure:5809: checking for gethostbyaddr
configure:5809: gcc -o conftest -pipe -O2    conftest.c -lnsl  1>&5
configure:5809: $? = 0
configure:5809: result: yes
configure:5809: checking for gethostbyaddr_r
configure:5809: result: yes
configure:5809: checking for gethostbyname
configure:5809: gcc -o conftest -pipe -O2    conftest.c -lnsl  1>&5
configure:5809: $? = 0
configure:5809: result: yes
configure:5809: checking for gethostbyname_r
configure:5809: result: yes
configure:5809: checking for gettimeofday
configure:5809: gcc -o conftest -pipe -O2    conftest.c -lnsl  1>&5
configure:5809: $? = 0
configure:5809: result: yes
configure:5809: checking for inet_ntoa
configure:5809: gcc -o conftest -pipe -O2    conftest.c -lnsl  1>&5
configure:5809: $? = 0
configure:5809: result: yes
configure:5809: checking for localtime_r
configure:5809: result: yes
configure:5809: checking for memchr
configure:5809: gcc -o conftest -pipe -O2    conftest.c -lnsl  1>&5
conftest.c:89:6: warning: conflicting types for built-in function 'memchr' [enabled by default]
configure:5809: $? = 0
configure:5809: result: yes
configure:5809: checking for memmove
configure:5809: gcc -o conftest -pipe -O2    conftest.c -lnsl  1>&5
conftest.c:90:6: warning: conflicting types for built-in function 'memmove' [enabled by default]
configure:5809: $? = 0
configure:5809: result: yes
configure:5809: checking for memset
configure:5809: gcc -o conftest -pipe -O2    conftest.c -lnsl  1>&5
conftest.c:91:6: warning: conflicting types for built-in function 'memset' [enabled by default]
configure:5809: $? = 0
configure:5809: result: yes
configure:5809: checking for poll
configure:5809: gcc -o conftest -pipe -O2    conftest.c -lnsl  1>&5
configure:5809: $? = 0
configure:5809: result: yes
configure:5809: checking for putenv
configure:5809: gcc -o conftest -pipe -O2    conftest.c -lnsl  1>&5
configure:5809: $? = 0
configure:5809: result: yes
configure:5809: checking for random
configure:5809: gcc -o conftest -pipe -O2    conftest.c -lnsl  1>&5
configure:5809: $? = 0
configure:5809: result: yes
configure:5809: checking for regcomp
configure:5809: gcc -o conftest -pipe -O2    conftest.c -lnsl  1>&5
configure:5809: $? = 0
configure:5809: result: yes
configure:5809: checking for select
configure:5809: gcc -o conftest -pipe -O2    conftest.c -lnsl  1>&5
configure:5809: $? = 0
configure:5809: result: yes
configure:5809: checking for setlocale
configure:5809: gcc -o conftest -pipe -O2    conftest.c -lnsl  1>&5
configure:5809: $? = 0
configure:5809: result: yes
configure:5809: checking for snprintf
configure:5809: gcc -o conftest -pipe -O2    conftest.c -lnsl  1>&5
conftest.c:98:6: warning: conflicting types for built-in function 'snprintf' [enabled by default]
configure:5809: $? = 0
configure:5809: result: yes
configure:5809: checking for socket
configure:5809: gcc -o conftest -pipe -O2    conftest.c -lnsl  1>&5
configure:5809: $? = 0
configure:5809: result: yes
configure:5809: checking for strchr
configure:5809: gcc -o conftest -pipe -O2    conftest.c -lnsl  1>&5
conftest.c:100:6: warning: conflicting types for built-in function 'strchr' [enabled by default]
configure:5809: $? = 0
configure:5809: result: yes
configure:5809: checking for strdup
configure:5809: gcc -o conftest -pipe -O2    conftest.c -lnsl  1>&5
conftest.c:101:6: warning: conflicting types for built-in function 'strdup' [enabled by default]
configure:5809: $? = 0
configure:5809: result: yes
configure:5809: checking for strerror
configure:5809: gcc -o conftest -pipe -O2    conftest.c -lnsl  1>&5
configure:5809: $? = 0
configure:5809: result: yes
configure:5809: checking for strftime
configure:5809: gcc -o conftest -pipe -O2    conftest.c -lnsl  1>&5
conftest.c:103:6: warning: conflicting types for built-in function 'strftime' [enabled by default]
configure:5809: $? = 0
configure:5809: result: yes
configure:5809: checking for strlcat
configure:5809: gcc -o conftest -pipe -O2    conftest.c -lnsl  1>&5
/tmp/cc0aYpKO.o: In function `main':
conftest.c:(.text.startup+0x7): undefined reference to `strlcat'
collect2: error: ld returned 1 exit status
configure:5809: $? = 1
configure: failed program was:
| /* confdefs.h */
| #define PACKAGE_NAME ""
| #define PACKAGE_TARNAME ""
| #define PACKAGE_VERSION ""
| #define PACKAGE_STRING ""
| #define PACKAGE_BUGREPORT ""
| #define PACKAGE_URL ""
| #define VERSION_MAJOR 3
| #define VERSION_MINOR 0
| #define VERSION_POINT 19
| #define VERSION "3.0.19"
| #define CODE_STATUS "stable"
| #define STDC_HEADERS 1
| #define HAVE_SYS_TYPES_H 1
| #define HAVE_SYS_STAT_H 1
| #define HAVE_STDLIB_H 1
| #define HAVE_STRING_H 1
| #define HAVE_MEMORY_H 1
| #define HAVE_STRINGS_H 1
| #define HAVE_INTTYPES_H 1
| #define HAVE_STDINT_H 1
| #define HAVE_UNISTD_H 1
| #define FEATURE_PTHREAD 1
| #define HAVE_LIBNSL 1
| #define HAVE_GETHOSTBYADDR_R_8_ARGS 1
| #define HAVE_GETHOSTBYNAME_R_6_ARGS 1
| #define HAVE_GMTIME_R 1
| #define HAVE_LOCALTIME_R 1
| #define STDC_HEADERS 1
| #define HAVE_DIRENT_H 1
| #define TIME_WITH_SYS_TIME 1
| #define SIZEOF_INT 4
| #define SIZEOF_CHAR_P 4
| #define SIZEOF_LONG 4
| #define SIZEOF_LONG_LONG 8
| #define SIZEOF_SIZE_T 4
| #define HAVE_ARPA_INET_H 1
| #define HAVE_ERRNO_H 1
| #define HAVE_FCNTL_H 1
| #define HAVE_LIMITS_H 1
| #define HAVE_LOCALE_H 1
| #define HAVE_NETDB_H 1
| #define HAVE_NETINET_IN_H 1
| #define HAVE_STDDEF_H 1
| #define HAVE_STDLIB_H 1
| #define HAVE_STRING_H 1
| #define HAVE_SYS_IOCTL_H 1
| #define HAVE_SYS_SOCKET_H 1
| #define HAVE_SYS_TIME_H 1
| #define HAVE_SYS_TIMEB_H 1
| #define HAVE_SYS_WAIT_H 1
| #define HAVE_UNISTD_H 1
| #define HAVE_BCOPY 1
| #define RETSIGTYPE void
| #define HAVE_ACCESS 1
| #define HAVE_ATEXIT 1
| #define HAVE_GETCWD 1
| #define HAVE_GETHOSTBYADDR 1
| #define HAVE_GETHOSTBYADDR_R 1
| #define HAVE_GETHOSTBYNAME 1
| #define HAVE_GETHOSTBYNAME_R 1
| #define HAVE_GETTIMEOFDAY 1
| #define HAVE_INET_NTOA 1
| #define HAVE_LOCALTIME_R 1
| #define HAVE_MEMCHR 1
| #define HAVE_MEMMOVE 1
| #define HAVE_MEMSET 1
| #define HAVE_POLL 1
| #define HAVE_PUTENV 1
| #define HAVE_RANDOM 1
| #define HAVE_REGCOMP 1
| #define HAVE_SELECT 1
| #define HAVE_SETLOCALE 1
| #define HAVE_SNPRINTF 1
| #define HAVE_SOCKET 1
| #define HAVE_STRCHR 1
| #define HAVE_STRDUP 1
| #define HAVE_STRERROR 1
| #define HAVE_STRFTIME 1
| /* end confdefs.h.  */
| /* Define strlcat to an innocuous variant, in case <limits.h> declares strlcat.
|    For example, HP-UX 11i <limits.h> declares gettimeofday.  */
| #define strlcat innocuous_strlcat
| 
| /* System header to define __stub macros and hopefully few prototypes,
|     which can conflict with char strlcat (); below.
|     Prefer <limits.h> to <assert.h> if __STDC__ is defined, since
|     <limits.h> exists even on freestanding compilers.  */
| 
| #ifdef __STDC__
| # include <limits.h>
| #else
| # include <assert.h>
| #endif
| 
| #undef strlcat
| 
| /* Override any GCC internal prototype to avoid an error.
|    Use char because int might match the return type of a GCC
|    builtin and then its argument prototype would still apply.  */
| #ifdef __cplusplus
| extern "C"
| #endif
| char strlcat ();
| /* The GNU C library defines this for functions which it implements
|     to always fail with ENOSYS.  Some functions are actually named
|     something starting with __ and the normal name is an alias.  */
| #if defined __stub_strlcat || defined __stub___strlcat
| choke me
| #endif
| 
| int
| main ()
| {
| return strlcat ();
|   ;
|   return 0;
| }
configure:5809: result: no
configure:5809: checking for strlcpy
configure:5809: gcc -o conftest -pipe -O2    conftest.c -lnsl  1>&5
/tmp/ccGqU0HS.o: In function `main':
conftest.c:(.text.startup+0x7): undefined reference to `strlcpy'
collect2: error: ld returned 1 exit status
configure:5809: $? = 1
configure: failed program was:
| /* confdefs.h */
| #define PACKAGE_NAME ""
| #define PACKAGE_TARNAME ""
| #define PACKAGE_VERSION ""
| #define PACKAGE_STRING ""
| #define PACKAGE_BUGREPORT ""
| #define PACKAGE_URL ""
| #define VERSION_MAJOR 3
| #define VERSION_MINOR 0
| #define VERSION_POINT 19
| #define VERSION "3.0.19"
| #define CODE_STATUS "stable"
| #define STDC_HEADERS 1
| #define HAVE_SYS_TYPES_H 1
| #define HAVE_SYS_STAT_H 1
| #define HAVE_STDLIB_H 1
| #define HAVE_STRING_H 1
| #define HAVE_MEMORY_H 1
| #define HAVE_STRINGS_H 1
| #define HAVE_INTTYPES_H 1
| #define HAVE_STDINT_H 1
| #define HAVE_UNISTD_H 1
| #define FEATURE_PTHREAD 1
| #define HAVE_LIBNSL 1
| #define HAVE_GETHOSTBYADDR_R_8_ARGS 1
| #define HAVE_GETHOSTBYNAME_R_6_ARGS 1
| #define HAVE_GMTIME_R 1
| #define HAVE_LOCALTIME_R 1
| #define STDC_HEADERS 1
| #define HAVE_DIRENT_H 1
| #define TIME_WITH_SYS_TIME 1
| #define SIZEOF_INT 4
| #define SIZEOF_CHAR_P 4
| #define SIZEOF_LONG 4
| #define SIZEOF_LONG_LONG 8
| #define SIZEOF_SIZE_T 4
| #define HAVE_ARPA_INET_H 1
| #define HAVE_ERRNO_H 1
| #define HAVE_FCNTL_H 1
| #define HAVE_LIMITS_H 1
| #define HAVE_LOCALE_H 1
| #define HAVE_NETDB_H 1
| #define HAVE_NETINET_IN_H 1
| #define HAVE_STDDEF_H 1
| #define HAVE_STDLIB_H 1
| #define HAVE_STRING_H 1
| #define HAVE_SYS_IOCTL_H 1
| #define HAVE_SYS_SOCKET_H 1
| #define HAVE_SYS_TIME_H 1
| #define HAVE_SYS_TIMEB_H 1
| #define HAVE_SYS_WAIT_H 1
| #define HAVE_UNISTD_H 1
| #define HAVE_BCOPY 1
| #define RETSIGTYPE void
| #define HAVE_ACCESS 1
| #define HAVE_ATEXIT 1
| #define HAVE_GETCWD 1
| #define HAVE_GETHOSTBYADDR 1
| #define HAVE_GETHOSTBYADDR_R 1
| #define HAVE_GETHOSTBYNAME 1
| #define HAVE_GETHOSTBYNAME_R 1
| #define HAVE_GETTIMEOFDAY 1
| #define HAVE_INET_NTOA 1
| #define HAVE_LOCALTIME_R 1
| #define HAVE_MEMCHR 1
| #define HAVE_MEMMOVE 1
| #define HAVE_MEMSET 1
| #define HAVE_POLL 1
| #define HAVE_PUTENV 1
| #define HAVE_RANDOM 1
| #define HAVE_REGCOMP 1
| #define HAVE_SELECT 1
| #define HAVE_SETLOCALE 1
| #define HAVE_SNPRINTF 1
| #define HAVE_SOCKET 1
| #define HAVE_STRCHR 1
| #define HAVE_STRDUP 1
| #define HAVE_STRERROR 1
| #define HAVE_STRFTIME 1
| /* end confdefs.h.  */
| /* Define strlcpy to an innocuous variant, in case <limits.h> declares strlcpy.
|    For example, HP-UX 11i <limits.h> declares gettimeofday.  */
| #define strlcpy innocuous_strlcpy
| 
| /* System header to define __stub macros and hopefully few prototypes,
|     which can conflict with char strlcpy (); below.
|     Prefer <limits.h> to <assert.h> if __STDC__ is defined, since
|     <limits.h> exists even on freestanding compilers.  */
| 
| #ifdef __STDC__
| # include <limits.h>
| #else
| # include <assert.h>
| #endif
| 
| #undef strlcpy
| 
| /* Override any GCC internal prototype to avoid an error.
|    Use char because int might match the return type of a GCC
|    builtin and then its argument prototype would still apply.  */
| #ifdef __cplusplus
| extern "C"
| #endif
| char strlcpy ();
| /* The GNU C library defines this for functions which it implements
|     to always fail with ENOSYS.  Some functions are actually named
|     something starting with __ and the normal name is an alias.  */
| #if defined __stub_strlcpy || defined __stub___strlcpy
| choke me
| #endif
| 
| int
| main ()
| {
| return strlcpy ();
|   ;
|   return 0;
| }
configure:5809: result: no
configure:5809: checking for strptime
configure:5809: gcc -o conftest -pipe -O2    conftest.c -lnsl  1>&5
configure:5809: $? = 0
configure:5809: result: yes
configure:5809: checking for strstr
configure:5809: gcc -o conftest -pipe -O2    conftest.c -lnsl  1>&5
conftest.c:105:6: warning: conflicting types for built-in function 'strstr' [enabled by default]
configure:5809: $? = 0
configure:5809: result: yes
configure:5809: checking for strtoul
configure:5809: gcc -o conftest -pipe -O2    conftest.c -lnsl  1>&5
configure:5809: $? = 0
configure:5809: result: yes
configure:5809: checking for timegm
configure:5809: gcc -o conftest -pipe -O2    conftest.c -lnsl  1>&5
configure:5809: $? = 0
configure:5809: result: yes
configure:5809: checking for tzset
configure:5809: gcc -o conftest -pipe -O2    conftest.c -lnsl  1>&5
configure:5809: $? = 0
configure:5809: result: yes
configure:5933: checking for getaddrinfo
configure:5933: gcc -o conftest -pipe -O2    conftest.c -lnsl  1>&5
configure:5933: $? = 0
configure:5933: result: yes
configure:5935: checking for getnameinfo
configure:5935: gcc -o conftest -pipe -O2    conftest.c -lnsl  1>&5
configure:5935: $? = 0
configure:5935: result: yes
configure:5948: checking for pcre_compile in -lpcre
configure:5973: gcc -o conftest -pipe -O2    conftest.c -lpcre  -lnsl  1>&5
/usr/bin/ld: cannot find -lpcre
collect2: error: ld returned 1 exit status
configure:5973: $? = 1
configure: failed program was:
| /* confdefs.h */
| #define PACKAGE_NAME ""
| #define PACKAGE_TARNAME ""
| #define PACKAGE_VERSION ""
| #define PACKAGE_STRING ""
| #define PACKAGE_BUGREPORT ""
| #define PACKAGE_URL ""
| #define VERSION_MAJOR 3
| #define VERSION_MINOR 0
| #define VERSION_POINT 19
| #define VERSION "3.0.19"
| #define CODE_STATUS "stable"
| #define STDC_HEADERS 1
| #define HAVE_SYS_TYPES_H 1
| #define HAVE_SYS_STAT_H 1
| #define HAVE_STDLIB_H 1
| #define HAVE_STRING_H 1
| #define HAVE_MEMORY_H 1
| #define HAVE_STRINGS_H 1
| #define HAVE_INTTYPES_H 1
| #define HAVE_STDINT_H 1
| #define HAVE_UNISTD_H 1
| #define FEATURE_PTHREAD 1
| #define HAVE_LIBNSL 1
| #define HAVE_GETHOSTBYADDR_R_8_ARGS 1
| #define HAVE_GETHOSTBYNAME_R_6_ARGS 1
| #define HAVE_GMTIME_R 1
| #define HAVE_LOCALTIME_R 1
| #define STDC_HEADERS 1
| #define HAVE_DIRENT_H 1
| #define TIME_WITH_SYS_TIME 1
| #define SIZEOF_INT 4
| #define SIZEOF_CHAR_P 4
| #define SIZEOF_LONG 4
| #define SIZEOF_LONG_LONG 8
| #define SIZEOF_SIZE_T 4
| #define HAVE_ARPA_INET_H 1
| #define HAVE_ERRNO_H 1
| #define HAVE_FCNTL_H 1
| #define HAVE_LIMITS_H 1
| #define HAVE_LOCALE_H 1
| #define HAVE_NETDB_H 1
| #define HAVE_NETINET_IN_H 1
| #define HAVE_STDDEF_H 1
| #define HAVE_STDLIB_H 1
| #define HAVE_STRING_H 1
| #define HAVE_SYS_IOCTL_H 1
| #define HAVE_SYS_SOCKET_H 1
| #define HAVE_SYS_TIME_H 1
| #define HAVE_SYS_TIMEB_H 1
| #define HAVE_SYS_WAIT_H 1
| #define HAVE_UNISTD_H 1
| #define HAVE_BCOPY 1
| #define RETSIGTYPE void
| #define HAVE_ACCESS 1
| #define HAVE_ATEXIT 1
| #define HAVE_GETCWD 1
| #define HAVE_GETHOSTBYADDR 1
| #define HAVE_GETHOSTBYADDR_R 1
| #define HAVE_GETHOSTBYNAME 1
| #define HAVE_GETHOSTBYNAME_R 1
| #define HAVE_GETTIMEOFDAY 1
| #define HAVE_INET_NTOA 1
| #define HAVE_LOCALTIME_R 1
| #define HAVE_MEMCHR 1
| #define HAVE_MEMMOVE 1
| #define HAVE_MEMSET 1
| #define HAVE_POLL 1
| #define HAVE_PUTENV 1
| #define HAVE_RANDOM 1
| #define HAVE_REGCOMP 1
| #define HAVE_SELECT 1
| #define HAVE_SETLOCALE 1
| #define HAVE_SNPRINTF 1
| #define HAVE_SOCKET 1
| #define HAVE_STRCHR 1
| #define HAVE_STRDUP 1
| #define HAVE_STRERROR 1
| #define HAVE_STRFTIME 1
| #define HAVE_STRPTIME 1
| #define HAVE_STRSTR 1
| #define HAVE_STRTOUL 1
| #define HAVE_TIMEGM 1
| #define HAVE_TZSET 1
| #define HAVE_RFC2553 1
| /* end confdefs.h.  */
| 
| /* Override any GCC internal prototype to avoid an error.
|    Use char because int might match the return type of a GCC
|    builtin and then its argument prototype would still apply.  */
| #ifdef __cplusplus
| extern "C"
| #endif
| char pcre_compile ();
| int
| main ()
| {
| return pcre_compile ();
|   ;
|   return 0;
| }
configure:5982: result: no
configure:6040: checking for regcomp in -lpcreposix
configure:6065: gcc -o conftest -pipe -O2    conftest.c -lpcreposix -lpcre -lnsl  1>&5
/usr/bin/ld: cannot find -lpcreposix
/usr/bin/ld: cannot find -lpcre
collect2: error: ld returned 1 exit status
configure:6065: $? = 1
configure: failed program was:
| /* confdefs.h */
| #define PACKAGE_NAME ""
| #define PACKAGE_TARNAME ""
| #define PACKAGE_VERSION ""
| #define PACKAGE_STRING ""
| #define PACKAGE_BUGREPORT ""
| #define PACKAGE_URL ""
| #define VERSION_MAJOR 3
| #define VERSION_MINOR 0
| #define VERSION_POINT 19
| #define VERSION "3.0.19"
| #define CODE_STATUS "stable"
| #define STDC_HEADERS 1
| #define HAVE_SYS_TYPES_H 1
| #define HAVE_SYS_STAT_H 1
| #define HAVE_STDLIB_H 1
| #define HAVE_STRING_H 1
| #define HAVE_MEMORY_H 1
| #define HAVE_STRINGS_H 1
| #define HAVE_INTTYPES_H 1
| #define HAVE_STDINT_H 1
| #define HAVE_UNISTD_H 1
| #define FEATURE_PTHREAD 1
| #define HAVE_LIBNSL 1
| #define HAVE_GETHOSTBYADDR_R_8_ARGS 1
| #define HAVE_GETHOSTBYNAME_R_6_ARGS 1
| #define HAVE_GMTIME_R 1
| #define HAVE_LOCALTIME_R 1
| #define STDC_HEADERS 1
| #define HAVE_DIRENT_H 1
| #define TIME_WITH_SYS_TIME 1
| #define SIZEOF_INT 4
| #define SIZEOF_CHAR_P 4
| #define SIZEOF_LONG 4
| #define SIZEOF_LONG_LONG 8
| #define SIZEOF_SIZE_T 4
| #define HAVE_ARPA_INET_H 1
| #define HAVE_ERRNO_H 1
| #define HAVE_FCNTL_H 1
| #define HAVE_LIMITS_H 1
| #define HAVE_LOCALE_H 1
| #define HAVE_NETDB_H 1
| #define HAVE_NETINET_IN_H 1
| #define HAVE_STDDEF_H 1
| #define HAVE_STDLIB_H 1
| #define HAVE_STRING_H 1
| #define HAVE_SYS_IOCTL_H 1
| #define HAVE_SYS_SOCKET_H 1
| #define HAVE_SYS_TIME_H 1
| #define HAVE_SYS_TIMEB_H 1
| #define HAVE_SYS_WAIT_H 1
| #define HAVE_UNISTD_H 1
| #define HAVE_BCOPY 1
| #define RETSIGTYPE void
| #define HAVE_ACCESS 1
| #define HAVE_ATEXIT 1
| #define HAVE_GETCWD 1
| #define HAVE_GETHOSTBYADDR 1
| #define HAVE_GETHOSTBYADDR_R 1
| #define HAVE_GETHOSTBYNAME 1
| #define HAVE_GETHOSTBYNAME_R 1
| #define HAVE_GETTIMEOFDAY 1
| #define HAVE_INET_NTOA 1
| #define HAVE_LOCALTIME_R 1
| #define HAVE_MEMCHR 1
| #define HAVE_MEMMOVE 1
| #define HAVE_MEMSET 1
| #define HAVE_POLL 1
| #define HAVE_PUTENV 1
| #define HAVE_RANDOM 1
| #define HAVE_REGCOMP 1
| #define HAVE_SELECT 1
| #define HAVE_SETLOCALE 1
| #define HAVE_SNPRINTF 1
| #define HAVE_SOCKET 1
| #define HAVE_STRCHR 1
| #define HAVE_STRDUP 1
| #define HAVE_STRERROR 1
| #define HAVE_STRFTIME 1
| #define HAVE_STRPTIME 1
| #define HAVE_STRSTR 1
| #define HAVE_STRTOUL 1
| #define HAVE_TIMEGM 1
| #define HAVE_TZSET 1
| #define HAVE_RFC2553 1
| /* end confdefs.h.  */
| 
| /* Override any GCC internal prototype to avoid an error.
|    Use char because int might match the return type of a GCC
|    builtin and then its argument prototype would still apply.  */
| #ifdef __cplusplus
| extern "C"
| #endif
| char regcomp ();
| int
| main ()
| {
| return regcomp ();
|   ;
|   return 0;
| }
configure:6074: result: no
configure:6296: checking for zlibVersion in -lz
configure:6321: gcc -o conftest -pipe -O2    conftest.c -lz  -lnsl  1>&5
configure:6321: $? = 0
configure:6330: result: yes
configure:6384: WARNING: You are using the static PCRE code which is out of date and scheduled for removal, for details see:
    http://sourceforge.net/mailarchive/forum.php?thread_name=20080511195555.2dc6cfdc%40fabiankeil.de&forum_name=ijbswa-developers
configure:6531: creating ./config.status

## ---------------------- ##
## Running config.status. ##
## ---------------------- ##

This file was extended by config.status, which was
generated by GNU Autoconf 2.69.  Invocation command line was

  CONFIG_FILES    = 
  CONFIG_HEADERS  = 
  CONFIG_LINKS    = 
  CONFIG_COMMANDS = 
  $ ./config.status 

on ceslab-PC

config.status:922: creating GNUmakefile
config.status:922: creating doc/source/ldp.dsl
config.status:922: creating config.h

## ---------------- ##
## Cache variables. ##
## ---------------- ##

ac_cv_build=i686-pc-linux-gnu
ac_cv_c_compiler_gnu=yes
ac_cv_c_const=yes
ac_cv_env_CC_set=
ac_cv_env_CC_value=
ac_cv_env_CFLAGS_set=
ac_cv_env_CFLAGS_value=
ac_cv_env_CPPFLAGS_set=
ac_cv_env_CPPFLAGS_value=
ac_cv_env_CPP_set=
ac_cv_env_CPP_value=
ac_cv_env_LDFLAGS_set=
ac_cv_env_LDFLAGS_value=
ac_cv_env_LIBS_set=
ac_cv_env_LIBS_value=
ac_cv_env_build_alias_set=
ac_cv_env_build_alias_value=
ac_cv_env_host_alias_set=
ac_cv_env_host_alias_value=
ac_cv_env_target_alias_set=
ac_cv_env_target_alias_value=
ac_cv_func_access=yes
ac_cv_func_atexit=yes
ac_cv_func_bcopy=yes
ac_cv_func_getaddrinfo=yes
ac_cv_func_getcwd=yes
ac_cv_func_gethostbyaddr=yes
ac_cv_func_gethostbyaddr_r=yes
ac_cv_func_gethostbyname=yes
ac_cv_func_gethostbyname_r=yes
ac_cv_func_getnameinfo=yes
ac_cv_func_gettimeofday=yes
ac_cv_func_gmtime_r=yes
ac_cv_func_inet_ntoa=yes
ac_cv_func_localtime_r=yes
ac_cv_func_memchr=yes
ac_cv_func_memmove=yes
ac_cv_func_memset=yes
ac_cv_func_poll=yes
ac_cv_func_putenv=yes
ac_cv_func_random=yes
ac_cv_func_regcomp=yes
ac_cv_func_select=yes
ac_cv_func_setlocale=yes
ac_cv_func_snprintf=yes
ac_cv_func_socket=yes
ac_cv_func_strchr=yes
ac_cv_func_strdup=yes
ac_cv_func_strerror=yes
ac_cv_func_strftime=yes
ac_cv_func_strlcat=no
ac_cv_func_strlcpy=no
ac_cv_func_strptime=yes
ac_cv_func_strstr=yes
ac_cv_func_strtoul=yes
ac_cv_func_timegm=yes
ac_cv_func_tzset=yes
ac_cv_header_OS_h=no
ac_cv_header_arpa_inet_h=yes
ac_cv_header_dirent_dirent_h=yes
ac_cv_header_errno_h=yes
ac_cv_header_fcntl_h=yes
ac_cv_header_inttypes_h=yes
ac_cv_header_limits_h=yes
ac_cv_header_locale_h=yes
ac_cv_header_memory_h=yes
ac_cv_header_netdb_h=yes
ac_cv_header_netinet_in_h=yes
ac_cv_header_pthread_h=yes
ac_cv_header_stdc=yes
ac_cv_header_stddef_h=yes
ac_cv_header_stdint_h=yes
ac_cv_header_stdlib_h=yes
ac_cv_header_string_h=yes
ac_cv_header_strings_h=yes
ac_cv_header_sys_ioctl_h=yes
ac_cv_header_sys_socket_h=yes
ac_cv_header_sys_stat_h=yes
ac_cv_header_sys_time_h=yes
ac_cv_header_sys_timeb_h=yes
ac_cv_header_sys_types_h=yes
ac_cv_header_sys_wait_h=yes
ac_cv_header_time=yes
ac_cv_header_unistd_h=yes
ac_cv_host=i686-pc-linux-gnu
ac_cv_lib_nsl_gethostbyname=yes
ac_cv_lib_pcre_pcre_compile=no
ac_cv_lib_pcreposix_regcomp=no
ac_cv_lib_z_zlibVersion=yes
ac_cv_objext=o
ac_cv_path_BGROUPS=/usr/bin/groups
ac_cv_path_EGREP='/bin/grep -E'
ac_cv_path_GREP=/bin/grep
ac_cv_path_ID=/usr/bin/id
ac_cv_path_install='/usr/bin/install -c'
ac_cv_prog_AWK=gawk
ac_cv_prog_CPP='gcc -E'
ac_cv_prog_GDB=yes
ac_cv_prog_JADEBIN=jade
ac_cv_prog_ac_ct_CC=gcc
ac_cv_prog_cc_c89=
ac_cv_prog_cc_g=yes
ac_cv_prog_gcc_traditional=no
ac_cv_prog_make_make_set=yes
ac_cv_search_opendir='none required'
ac_cv_sizeof_char_p=4
ac_cv_sizeof_int=4
ac_cv_sizeof_long=4
ac_cv_sizeof_long_long=8
ac_cv_sizeof_size_t=4
ac_cv_struct_tm=time.h
ac_cv_type_pid_t=yes
ac_cv_type_signal=void
ac_cv_type_size_t=yes

## ----------------- ##
## Output variables. ##
## ----------------- ##

AMIGAOS_ONLY='#'
AWK='gawk'
BGROUPS='/usr/bin/groups'
CC='gcc'
CFLAGS='-pipe -O2'
CODE_STATUS='stable'
CPP='gcc -E'
CPPFLAGS=''
DB2HTML='false'
DEFS='-DHAVE_CONFIG_H'
DKPREFIX='/usr/share/sgml/docbook/stylesheet/dsssl/modular/'
DOC_STATUS='p-stable'
ECHO_C=''
ECHO_N='-n'
ECHO_T=''
EGREP='/bin/grep -E'
EXEEXT=''
GDB='yes'
GREP='/bin/grep'
GROUP=''
ID='/usr/bin/id'
INSTALL_DATA='${INSTALL} -m 644'
INSTALL_PROGRAM='${INSTALL}'
INSTALL_SCRIPT='${INSTALL}'
JADEBIN='jade'
JADECAT=' -c /usr/share/sgml/docbook/dtd/3.1/docbook.cat'
LDFLAGS=''
LIBOBJS=''
LIBS='-lnsl  -lz'
LN_S='ln -s'
LTLIBOBJS=''
MAN2HTML='false'
OBJEXT='o'
PACKAGE_BUGREPORT=''
PACKAGE_NAME=''
PACKAGE_STRING=''
PACKAGE_TARNAME=''
PACKAGE_URL=''
PACKAGE_VERSION=''
PATH_SEPARATOR=':'
PTHREAD_LIB=''
PTHREAD_ONLY=''
RPMBIN='false'
RPM_BASE=''
SET_MAKE=''
SHELL='/bin/bash'
SOCKET_LIB=''
SPECIAL_CFLAGS='-pthread'
STATIC_PCRE_ONLY=''
STATIC_PCRS_ONLY=''
USER=''
VERSION_MAJOR='3'
VERSION_MINOR='0'
VERSION_POINT='19'
WDUMP='false'
WIN_ONLY='#'
ac_ct_CC='gcc'
bindir='${exec_prefix}/bin'
build='i686-pc-linux-gnu'
build_alias=''
build_cpu='i686'
build_os='linux-gnu'
build_vendor='pc'
datadir='${datarootdir}'
datarootdir='${prefix}/share'
docdir='${datarootdir}/doc/${PACKAGE}'
dvidir='${docdir}'
exec_prefix='${prefix}'
host='i686-pc-linux-gnu'
host_alias=''
host_cpu='i686'
host_os='linux-gnu'
host_vendor='pc'
htmldir='${docdir}'
includedir='${prefix}/include'
infodir='${datarootdir}/info'
libdir='${exec_prefix}/lib'
libexecdir='${exec_prefix}/libexec'
localedir='${datarootdir}/locale'
localstatedir='${prefix}/var'
mandir='${datarootdir}/man'
oldincludedir='/usr/include'
pdfdir='${docdir}'
prefix='/usr/local'
program_transform_name='s,x,x,'
psdir='${docdir}'
sbindir='${exec_prefix}/sbin'
sharedstatedir='${prefix}/com'
sysconfdir='${prefix}/etc'
target_alias=''

## ----------- ##
## confdefs.h. ##
## ----------- ##

/* confdefs.h */
#define PACKAGE_NAME ""
#define PACKAGE_TARNAME ""
#define PACKAGE_VERSION ""
#define PACKAGE_STRING ""
#define PACKAGE_BUGREPORT ""
#define PACKAGE_URL ""
#define VERSION_MAJOR 3
#define VERSION_MINOR 0
#define VERSION_POINT 19
#define VERSION "3.0.19"
#define CODE_STATUS "stable"
#define STDC_HEADERS 1
#define HAVE_SYS_TYPES_H 1
#define HAVE_SYS_STAT_H 1
#define HAVE_STDLIB_H 1
#define HAVE_STRING_H 1
#define HAVE_MEMORY_H 1
#define HAVE_STRINGS_H 1
#define HAVE_INTTYPES_H 1
#define HAVE_STDINT_H 1
#define HAVE_UNISTD_H 1
#define FEATURE_PTHREAD 1
#define HAVE_LIBNSL 1
#define HAVE_GETHOSTBYADDR_R_8_ARGS 1
#define HAVE_GETHOSTBYNAME_R_6_ARGS 1
#define HAVE_GMTIME_R 1
#define HAVE_LOCALTIME_R 1
#define STDC_HEADERS 1
#define HAVE_DIRENT_H 1
#define TIME_WITH_SYS_TIME 1
#define SIZEOF_INT 4
#define SIZEOF_CHAR_P 4
#define SIZEOF_LONG 4
#define SIZEOF_LONG_LONG 8
#define SIZEOF_SIZE_T 4
#define HAVE_ARPA_INET_H 1
#define HAVE_ERRNO_H 1
#define HAVE_FCNTL_H 1
#define HAVE_LIMITS_H 1
#define HAVE_LOCALE_H 1
#define HAVE_NETDB_H 1
#define HAVE_NETINET_IN_H 1
#define HAVE_STDDEF_H 1
#define HAVE_STDLIB_H 1
#define HAVE_STRING_H 1
#define HAVE_SYS_IOCTL_H 1
#define HAVE_SYS_SOCKET_H 1
#define HAVE_SYS_TIME_H 1
#define HAVE_SYS_TIMEB_H 1
#define HAVE_SYS_WAIT_H 1
#define HAVE_UNISTD_H 1
#define HAVE_BCOPY 1
#define RETSIGTYPE void
#define HAVE_ACCESS 1
#define HAVE_ATEXIT 1
#define HAVE_GETCWD 1
#define HAVE_GETHOSTBYADDR 1
#define HAVE_GETHOSTBYADDR_R 1
#define HAVE_GETHOSTBYNAME 1
#define HAVE_GETHOSTBYNAME_R 1
#define HAVE_GETTIMEOFDAY 1
#define HAVE_INET_NTOA 1
#define HAVE_LOCALTIME_R 1
#define HAVE_MEMCHR 1
#define HAVE_MEMMOVE 1
#define HAVE_MEMSET 1
#define HAVE_POLL 1
#define HAVE_PUTENV 1
#define HAVE_RANDOM 1
#define HAVE_REGCOMP 1
#define HAVE_SELECT 1
#define HAVE_SETLOCALE 1
#define HAVE_SNPRINTF 1
#define HAVE_SOCKET 1
#define HAVE_STRCHR 1
#define HAVE_STRDUP 1
#define HAVE_STRERROR 1
#define HAVE_STRFTIME 1
#define HAVE_STRPTIME 1
#define HAVE_STRSTR 1
#define HAVE_STRTOUL 1
#define HAVE_TIMEGM 1
#define HAVE_TZSET 1
#define HAVE_RFC2553 1
#define __MT__ 1
#define FEATURE_TOGGLE 1
#define FEATURE_FORCE_LOAD 1
#define FEATURE_FAST_REDIRECTS 1
#define FEATURE_STATISTICS 1
#define FEATURE_IMAGE_BLOCKING 1
#define FEATURE_ACL 1
#define FEATURE_TRUST 1
#define FEATURE_CGI_EDIT_ACTIONS 1
#define FEATURE_ZLIB 1
#define STATIC_PCRE 1
#define FEATURE_CONNECTION_KEEP_ALIVE 1
#define FEATURE_CONNECTION_SHARING 1
#define STATIC_PCRS 1

configure: exit 0
